#
# A fatal error has been detected by the Java Runtime Environment:
#
#  SIGSEGV (0xb) at pc=0x000000010cf3337c, pid=3264, tid=16643
#
# JRE version: Java(TM) SE Runtime Environment (7.0_51-b13) (build 1.7.0_51-b13)
# Java VM: Java HotSpot(TM) 64-Bit Server VM (24.51-b03 mixed mode bsd-amd64 compressed oops)
# Problematic frame:
# V  [libjvm.dylib+0x33337c]  jvmti_IsMethodSynthetic+0xb9
#
# Failed to write core dump. Core dumps have been disabled. To enable core dumping, try "ulimit -c unlimited" before starting Java again
#
# If you would like to submit a bug report, please visit:
#   http://bugreport.sun.com/bugreport/crash.jsp
#

---------------  T H R E A D  ---------------

Current thread (0x00007fa9c481e800):  JavaThread "JDWP Transport Listener: dt_socket" daemon [_thread_in_vm, id=16643, stack(0x0000000116435000,0x0000000116535000)]

siginfo:si_signo=SIGSEGV: si_errno=0, si_code=0 (SEGV0), si_addr=0x0000000000000000

Registers:
RAX=0x0000000000000001, RBX=0x0000000116534a8b, RCX=0x00000000000fc080, RDX=0x0000000116534a8b
RSP=0x00000001165349f0, RBP=0x0000000116534a40, RSI=0x00007fa9c481e800, RDI=0x00007fa9c2c03850
R8 =0x0000000000000000, R9 =0x00007fa9c2c00000, R10=0x0000000000000010, R11=0x00007fa9c2c00000
R12=0x00007fa9c481e800, R13=0x8000000000000000, R14=0x8000000000000000, R15=0x00007fa9c2c03850
RIP=0x000000010cf3337c, EFLAGS=0x0000000000010286, ERR=0x0000000000000000
  TRAPNO=0x000000000000000d

Top of Stack: (sp=0x00000001165349f0)
0x00000001165349f0:   00007fa9c481e800 0000000000000000
0x0000000116534a00:   0000000000000000 0000000000000000
0x0000000116534a10:   00007fa9c481e800 00007fa9c481e800
0x0000000116534a20:   0000000116534a8b 0000000116534a90
0x0000000116534a30:   8000000000000000 0000000000000009
0x0000000116534a40:   0000000116534a60 000000010c37b1f8
0x0000000116534a50:   0000000000000001 0000000116534b08
0x0000000116534a60:   0000000116534ad0 000000010c36002b
0x0000000116534a70:   0000000116534aa0 00007fa9c2c1add0
0x0000000116534a80:   0000000a00000032 0000000a00534b08
0x0000000116534a90:   0000000000000000 0000000000000000
0x0000000116534aa0:   0000000000000000 0000000116534c90
0x0000000116534ab0:   000000010c382dc0 00007fa9c2d30d30
0x0000000116534ac0:   0000000116534b08 000000010c38e578
0x0000000116534ad0:   0000000116534ae0 000000010c360124
0x0000000116534ae0:   0000000116534d00 000000010c3696b2
0x0000000116534af0:   00001d7700000013 00000000000f0200
0x0000000116534b00:   00007fa9c2d31bc0 00007fa9c2c1df08
0x0000000116534b10:   00007fa900000180 00007fa9c2c1de00
0x0000000116534b20:   00007fa90000012c 0000000116534b58
0x0000000116534b30:   00007fa9c2c1de00 00007f0000000000
0x0000000116534b40:   00001d770000001c 00007fff0000b780
0x0000000116534b50:   0000000116534b58 a97f00000a000000
0x0000000116534b60:   0d0000007097c1c2 72756769666e6f63
0x0000000116534b70:   0000006e6f697461 0000000056292803
0x0000000116534b80:   a97f00000a000000 060000003097c1c2
0x0000000116534b90:   00003e74696e693c 0000005629280300
0x0000000116534ba0:   7f00000100000000 0000004097c1c2a9
0x0000000116534bb0:   0000006e69616d04 6176616a4c5b2816
0x0000000116534bc0:   74532f676e616c2f 0056293b676e6972
0x0000000116534bd0:   0009000000000000 004897c1c2a97f00
0x0000000116534be0:   00006e7572030000 6176616a4c282b00 

Instructions: (pc=0x000000010cf3337c)
0x000000010cf3335c:   00 00 00 41 f6 87 68 01 00 00 10 75 07 b8 63 00
0x000000010cf3336c:   00 00 eb 7a 4d 85 f6 75 07 b8 17 00 00 00 eb 6e
0x000000010cf3337c:   4d 8b 36 48 b8 fe fe fe fe fe fe fe fe 49 39 c6
0x000000010cf3338c:   74 e7 4d 85 f6 74 e2 48 8d 05 f6 f8 4c 00 80 38 

Register to memory mapping:

RAX=0x0000000000000001 is an unknown value
RBX=0x0000000116534a8b is pointing into the stack for thread: 0x00007fa9c481e800
RCX=0x00000000000fc080 is an unknown value
RDX=0x0000000116534a8b is pointing into the stack for thread: 0x00007fa9c481e800
RSP=0x00000001165349f0 is pointing into the stack for thread: 0x00007fa9c481e800
RBP=0x0000000116534a40 is pointing into the stack for thread: 0x00007fa9c481e800
RSI=0x00007fa9c481e800 is a thread
RDI=0x00007fa9c2c03850 is an unknown value
R8 =0x0000000000000000 is an unknown value
R9 =0x00007fa9c2c00000 is an unknown value
R10=0x0000000000000010 is an unknown value
R11=0x00007fa9c2c00000 is an unknown value
R12=0x00007fa9c481e800 is a thread
R13=0x8000000000000000 is an unknown value
R14=0x8000000000000000 is an unknown value
R15=0x00007fa9c2c03850 is an unknown value


Stack: [0x0000000116435000,0x0000000116535000],  sp=0x00000001165349f0,  free space=1022k
Native frames: (J=compiled Java code, j=interpreted, Vv=VM code, C=native code)
V  [libjvm.dylib+0x33337c]  jvmti_IsMethodSynthetic+0xb9
C  [libjdwp.dylib+0x201f8]  isMethodSynthetic+0x63
C  [libjdwp.dylib+0x502b]  methods1+0x10b
C  [libjdwp.dylib+0x5124]  methodsWithGeneric+0xe
C  [libjdwp.dylib+0xe6b2]  debugLoop_run+0x1ce
C  [libjdwp.dylib+0x1f132]  attachThread+0x4d
V  [libjvm.dylib+0x373f9e]  JvmtiAgentThread::call_start_function()+0x38
V  [libjvm.dylib+0x4efb57]  JavaThread::thread_main_inner()+0x9b
V  [libjvm.dylib+0x4f125f]  JavaThread::run()+0x1a3
V  [libjvm.dylib+0x41b1d6]  java_start(Thread*)+0x126
C  [libsystem_pthread.dylib+0x405a]  _pthread_body+0x83
C  [libsystem_pthread.dylib+0x3fd7]  _pthread_body+0x0
C  [libsystem_pthread.dylib+0x13ed]  thread_start+0xd


---------------  P R O C E S S  ---------------

Java Threads: ( => current thread )
  0x00007fa9c4034800 JavaThread "Service Thread" daemon [_thread_blocked, id=19203, stack(0x0000000116944000,0x0000000116a44000)]
  0x00007fa9c4034000 JavaThread "C2 CompilerThread1" daemon [_thread_blocked, id=18691, stack(0x0000000116841000,0x0000000116941000)]
  0x00007fa9c402b000 JavaThread "C2 CompilerThread0" daemon [_thread_blocked, id=18179, stack(0x000000011673e000,0x000000011683e000)]
  0x00007fa9c3036800 JavaThread "JDWP Command Reader" daemon [_thread_in_native, id=17667, stack(0x000000011663b000,0x000000011673b000)]
  0x00007fa9c381a000 JavaThread "JDWP Event Helper Thread" daemon [_thread_blocked, id=17155, stack(0x0000000116538000,0x0000000116638000)]
=>0x00007fa9c481e800 JavaThread "JDWP Transport Listener: dt_socket" daemon [_thread_in_vm, id=16643, stack(0x0000000116435000,0x0000000116535000)]
  0x00007fa9c3813800 JavaThread "Signal Dispatcher" daemon [_thread_blocked, id=16155, stack(0x000000011632c000,0x000000011642c000)]
  0x00007fa9c4815800 JavaThread "Finalizer" daemon [_thread_blocked, id=11523, stack(0x0000000114918000,0x0000000114a18000)]
  0x00007fa9c4813000 JavaThread "Reference Handler" daemon [_thread_blocked, id=11011, stack(0x0000000114815000,0x0000000114915000)]
  0x00007fa9c3009800 JavaThread "main" [_thread_blocked, id=4867, stack(0x000000010d654000,0x000000010d754000)]

Other Threads:
  0x00007fa9c4812000 VMThread [stack: 0x0000000114712000,0x0000000114812000] [id=10499]
  0x00007fa9c4015800 WatcherThread [stack: 0x0000000116a47000,0x0000000116b47000] [id=19715]

VM state:not at safepoint (normal execution)

VM Mutex/Monitor currently owned by a thread: None

Heap
 PSYoungGen      total 19456K, used 1368K [0x00000007eaa80000, 0x00000007ec000000, 0x0000000800000000)
  eden space 16896K, 8% used [0x00000007eaa80000,0x00000007eabd63a0,0x00000007ebb00000)
  from space 2560K, 0% used [0x00000007ebd80000,0x00000007ebd80000,0x00000007ec000000)
  to   space 2560K, 0% used [0x00000007ebb00000,0x00000007ebb00000,0x00000007ebd80000)
 ParOldGen       total 43520K, used 0K [0x00000007c0000000, 0x00000007c2a80000, 0x00000007eaa80000)
  object space 43520K, 0% used [0x00000007c0000000,0x00000007c0000000,0x00000007c2a80000)
 PSPermGen       total 21504K, used 3189K [0x00000007bae00000, 0x00000007bc300000, 0x00000007c0000000)
  object space 21504K, 14% used [0x00000007bae00000,0x00000007bb11d720,0x00000007bc300000)

Card table byte_map: [0x0000000110816000,0x0000000110a40000] byte_map_base: 0x000000010ca3f000

Polling page: 0x000000010c35a000

Code Cache  [0x000000010d756000, 0x000000010d9c6000, 0x0000000110756000)
 total_blobs=185 nmethods=3 adapters=145 free_code_cache=48763Kb largest_free_block=49915968

Compilation events (6 events):
Event: 0.190 Thread 0x00007fa9c402b000    1             java.lang.String::indexOf (70 bytes)
Event: 0.199 Thread 0x00007fa9c402b000 nmethod 1 0x000000010d7b43d0 code [0x000000010d7b4520, 0x000000010d7b4708]
Event: 0.202 Thread 0x00007fa9c4034000    2             java.lang.String::hashCode (55 bytes)
Event: 0.205 Thread 0x00007fa9c4034000 nmethod 2 0x000000010d7b4010 code [0x000000010d7b4160, 0x000000010d7b42f8]
Event: 10.503 Thread 0x00007fa9c402b000    3             sun.nio.cs.UTF_8$Encoder::encode (361 bytes)
Event: 10.517 Thread 0x00007fa9c402b000 nmethod 3 0x000000010d7b5150 code [0x000000010d7b52e0, 0x000000010d7b59c8]

GC Heap History (0 events):
No events

Deoptimization events (0 events):
No events

Internal exceptions (10 events):
Event: 0.260 Thread 0x00007fa9c3009800 Threw 0x00000007eab19598 at /HUDSON/workspace/7u-2-build-macosx-x86_64/jdk7u51/527/hotspot/src/share/vm/prims/jvm.cpp:1244
Event: 0.260 Thread 0x00007fa9c3009800 Threw 0x00000007eab196c0 at /HUDSON/workspace/7u-2-build-macosx-x86_64/jdk7u51/527/hotspot/src/share/vm/prims/jvm.cpp:1244
Event: 0.262 Thread 0x00007fa9c3009800 Threw 0x00000007eab27010 at /HUDSON/workspace/7u-2-build-macosx-x86_64/jdk7u51/527/hotspot/src/share/vm/prims/jni.cpp:717
Event: 0.262 Thread 0x00007fa9c3009800 Threw 0x00000007eab27130 at /HUDSON/workspace/7u-2-build-macosx-x86_64/jdk7u51/527/hotspot/src/share/vm/prims/jvm.cpp:1244
Event: 0.262 Thread 0x00007fa9c3009800 Threw 0x00000007eab27258 at /HUDSON/workspace/7u-2-build-macosx-x86_64/jdk7u51/527/hotspot/src/share/vm/prims/jvm.cpp:1244
Event: 0.262 Thread 0x00007fa9c3009800 Threw 0x00000007eab274a8 at /HUDSON/workspace/7u-2-build-macosx-x86_64/jdk7u51/527/hotspot/src/share/vm/prims/jvm.cpp:1244
Event: 10.508 Thread 0x00007fa9c3009800 Threw 0x00000007eaba68f0 at /HUDSON/workspace/7u-2-build-macosx-x86_64/jdk7u51/527/hotspot/src/share/vm/prims/jvm.cpp:1244
Event: 10.508 Thread 0x00007fa9c3009800 Threw 0x00000007eaba6a18 at /HUDSON/workspace/7u-2-build-macosx-x86_64/jdk7u51/527/hotspot/src/share/vm/prims/jvm.cpp:1244
Event: 10.510 Thread 0x00007fa9c3009800 Threw 0x00000007eaba9ae8 at /HUDSON/workspace/7u-2-build-macosx-x86_64/jdk7u51/527/hotspot/src/share/vm/prims/jvm.cpp:1244
Event: 10.510 Thread 0x00007fa9c3009800 Threw 0x00000007eaba9c10 at /HUDSON/workspace/7u-2-build-macosx-x86_64/jdk7u51/527/hotspot/src/share/vm/prims/jvm.cpp:1244

Events (10 events):
Event: 220.573 Executing VM operation: GetCurrentLocation
Event: 220.573 Executing VM operation: GetCurrentLocation done
Event: 220.573 Executing VM operation: EnterInterpOnlyMode
Event: 220.573 Executing VM operation: EnterInterpOnlyMode done
Event: 220.573 Executing VM operation: ChangeSingleStep
Event: 220.573 Executing VM operation: ChangeSingleStep done
Event: 220.573 Executing VM operation: ChangeSingleStep
Event: 220.573 Executing VM operation: ChangeSingleStep done
Event: 220.603 Executing VM operation: RedefineClasses
Event: 220.604 Executing VM operation: RedefineClasses done


Dynamic libraries:
0x0000000009293000 	/System/Library/Frameworks/Cocoa.framework/Versions/A/Cocoa
0x0000000009293000 	/System/Library/Frameworks/Security.framework/Versions/A/Security
0x0000000009293000 	/System/Library/Frameworks/ApplicationServices.framework/Versions/A/ApplicationServices
0x0000000009293000 	/usr/lib/libz.1.dylib
0x0000000009293000 	/usr/lib/libSystem.B.dylib
0x0000000009293000 	/usr/lib/libobjc.A.dylib
0x0000000009293000 	/System/Library/Frameworks/CoreFoundation.framework/Versions/A/CoreFoundation
0x0000000009293000 	/System/Library/Frameworks/Foundation.framework/Versions/C/Foundation
0x0000000009293000 	/System/Library/Frameworks/AppKit.framework/Versions/C/AppKit
0x0000000009293000 	/System/Library/Frameworks/CoreData.framework/Versions/A/CoreData
0x0000000009293000 	/System/Library/PrivateFrameworks/RemoteViewServices.framework/Versions/A/RemoteViewServices
0x0000000009293000 	/System/Library/PrivateFrameworks/UIFoundation.framework/Versions/A/UIFoundation
0x0000000009293000 	/System/Library/Frameworks/IOSurface.framework/Versions/A/IOSurface
0x0000000009293000 	/System/Library/Frameworks/AudioToolbox.framework/Versions/A/AudioToolbox
0x0000000009293000 	/System/Library/Frameworks/AudioUnit.framework/Versions/A/AudioUnit
0x0000000009293000 	/System/Library/PrivateFrameworks/DataDetectorsCore.framework/Versions/A/DataDetectorsCore
0x0000000009293000 	/System/Library/PrivateFrameworks/DesktopServicesPriv.framework/Versions/A/DesktopServicesPriv
0x0000000009293000 	/System/Library/Frameworks/Carbon.framework/Versions/A/Frameworks/HIToolbox.framework/Versions/A/HIToolbox
0x0000000009293000 	/System/Library/Frameworks/QuartzCore.framework/Versions/A/QuartzCore
0x0000000009293000 	/System/Library/Frameworks/Carbon.framework/Versions/A/Frameworks/SpeechRecognition.framework/Versions/A/SpeechRecognition
0x0000000009293000 	/usr/lib/libauto.dylib
0x0000000009293000 	/usr/lib/libicucore.A.dylib
0x0000000009293000 	/usr/lib/libxml2.2.dylib
0x0000000009293000 	/System/Library/PrivateFrameworks/CoreUI.framework/Versions/A/CoreUI
0x0000000009293000 	/System/Library/Frameworks/CoreAudio.framework/Versions/A/CoreAudio
0x0000000009293000 	/System/Library/Frameworks/DiskArbitration.framework/Versions/A/DiskArbitration
0x0000000009293000 	/usr/lib/liblangid.dylib
0x0000000009293000 	/System/Library/PrivateFrameworks/MultitouchSupport.framework/Versions/A/MultitouchSupport
0x0000000009293000 	/System/Library/Frameworks/IOKit.framework/Versions/A/IOKit
0x0000000009293000 	/usr/lib/libDiagnosticMessagesClient.dylib
0x0000000009293000 	/System/Library/Frameworks/CoreServices.framework/Versions/A/CoreServices
0x0000000009293000 	/System/Library/PrivateFrameworks/PerformanceAnalysis.framework/Versions/A/PerformanceAnalysis
0x0000000009293000 	/System/Library/PrivateFrameworks/GenerationalStorage.framework/Versions/A/GenerationalStorage
0x0000000009293000 	/System/Library/Frameworks/OpenGL.framework/Versions/A/OpenGL
0x0000000009293000 	/System/Library/PrivateFrameworks/Sharing.framework/Versions/A/Sharing
0x0000000009293000 	/System/Library/Frameworks/CoreGraphics.framework/Versions/A/CoreGraphics
0x0000000009293000 	/System/Library/Frameworks/CoreText.framework/Versions/A/CoreText
0x0000000009293000 	/System/Library/Frameworks/ImageIO.framework/Versions/A/ImageIO
0x0000000009293000 	/usr/lib/libextension.dylib
0x0000000009293000 	/System/Library/PrivateFrameworks/Backup.framework/Versions/A/Backup
0x0000000009293000 	/usr/lib/libarchive.2.dylib
0x0000000009293000 	/System/Library/Frameworks/CFNetwork.framework/Versions/A/CFNetwork
0x0000000009293000 	/System/Library/Frameworks/SystemConfiguration.framework/Versions/A/SystemConfiguration
0x0000000009293000 	/usr/lib/libCRFSuite.dylib
0x0000000009293000 	/usr/lib/libc++.1.dylib
0x0000000009293000 	/usr/lib/libc++abi.dylib
0x0000000009293000 	/usr/lib/system/libcache.dylib
0x0000000009293000 	/usr/lib/system/libcommonCrypto.dylib
0x0000000009293000 	/usr/lib/system/libcompiler_rt.dylib
0x0000000009293000 	/usr/lib/system/libcopyfile.dylib
0x0000000009293000 	/usr/lib/system/libcorecrypto.dylib
0x0000000009293000 	/usr/lib/system/libdispatch.dylib
0x0000000009293000 	/usr/lib/system/libdyld.dylib
0x0000000009293000 	/usr/lib/system/libkeymgr.dylib
0x0000000009293000 	/usr/lib/system/liblaunch.dylib
0x0000000009293000 	/usr/lib/system/libmacho.dylib
0x0000000009293000 	/usr/lib/system/libquarantine.dylib
0x0000000009293000 	/usr/lib/system/libremovefile.dylib
0x0000000009293000 	/usr/lib/system/libsystem_asl.dylib
0x0000000009293000 	/usr/lib/system/libsystem_blocks.dylib
0x0000000009293000 	/usr/lib/system/libsystem_c.dylib
0x0000000009293000 	/usr/lib/system/libsystem_configuration.dylib
0x0000000009293000 	/usr/lib/system/libsystem_coreservices.dylib
0x0000000009293000 	/usr/lib/system/libsystem_coretls.dylib
0x0000000009293000 	/usr/lib/system/libsystem_dnssd.dylib
0x0000000009293000 	/usr/lib/system/libsystem_info.dylib
0x0000000009293000 	/usr/lib/system/libsystem_kernel.dylib
0x0000000009293000 	/usr/lib/system/libsystem_m.dylib
0x0000000009293000 	/usr/lib/system/libsystem_malloc.dylib
0x0000000009293000 	/usr/lib/system/libsystem_network.dylib
0x0000000009293000 	/usr/lib/system/libsystem_networkextension.dylib
0x0000000009293000 	/usr/lib/system/libsystem_notify.dylib
0x0000000009293000 	/usr/lib/system/libsystem_platform.dylib
0x0000000009293000 	/usr/lib/system/libsystem_pthread.dylib
0x0000000009293000 	/usr/lib/system/libsystem_sandbox.dylib
0x0000000009293000 	/usr/lib/system/libsystem_secinit.dylib
0x0000000009293000 	/usr/lib/system/libsystem_stats.dylib
0x0000000009293000 	/usr/lib/system/libsystem_trace.dylib
0x0000000009293000 	/usr/lib/system/libunc.dylib
0x0000000009293000 	/usr/lib/system/libunwind.dylib
0x0000000009293000 	/usr/lib/system/libxpc.dylib
0x0000000009293000 	/usr/lib/libbz2.1.0.dylib
0x0000000009293000 	/usr/lib/liblzma.5.dylib
0x0000000009293000 	/usr/lib/libbsm.0.dylib
0x0000000009293000 	/usr/lib/libsqlite3.dylib
0x0000000009293000 	/usr/lib/system/libkxld.dylib
0x0000000009293000 	/usr/lib/libxar.1.dylib
0x0000000009293000 	/usr/lib/libpam.2.dylib
0x0000000009293000 	/usr/lib/libOpenScriptingUtil.dylib
0x0000000009293000 	/System/Library/Frameworks/CoreServices.framework/Versions/A/Frameworks/FSEvents.framework/Versions/A/FSEvents
0x0000000009293000 	/System/Library/Frameworks/CoreServices.framework/Versions/A/Frameworks/CarbonCore.framework/Versions/A/CarbonCore
0x0000000009293000 	/System/Library/Frameworks/CoreServices.framework/Versions/A/Frameworks/Metadata.framework/Versions/A/Metadata
0x0000000009293000 	/System/Library/Frameworks/CoreServices.framework/Versions/A/Frameworks/OSServices.framework/Versions/A/OSServices
0x0000000009293000 	/System/Library/Frameworks/CoreServices.framework/Versions/A/Frameworks/SearchKit.framework/Versions/A/SearchKit
0x0000000009293000 	/System/Library/Frameworks/CoreServices.framework/Versions/A/Frameworks/AE.framework/Versions/A/AE
0x0000000009293000 	/System/Library/Frameworks/CoreServices.framework/Versions/A/Frameworks/LaunchServices.framework/Versions/A/LaunchServices
0x0000000009293000 	/System/Library/Frameworks/CoreServices.framework/Versions/A/Frameworks/DictionaryServices.framework/Versions/A/DictionaryServices
0x0000000009293000 	/System/Library/Frameworks/NetFS.framework/Versions/A/NetFS
0x0000000009293000 	/System/Library/PrivateFrameworks/NetAuth.framework/Versions/A/NetAuth
0x0000000009293000 	/System/Library/PrivateFrameworks/login.framework/Versions/A/Frameworks/loginsupport.framework/Versions/A/loginsupport
0x0000000009293000 	/System/Library/PrivateFrameworks/TCC.framework/Versions/A/TCC
0x0000000009293000 	/usr/lib/libmecabra.dylib
0x0000000009293000 	/System/Library/Frameworks/ApplicationServices.framework/Versions/A/Frameworks/ATS.framework/Versions/A/ATS
0x0000000009293000 	/System/Library/Frameworks/ApplicationServices.framework/Versions/A/Frameworks/ColorSync.framework/Versions/A/ColorSync
0x0000000009293000 	/System/Library/Frameworks/ApplicationServices.framework/Versions/A/Frameworks/HIServices.framework/Versions/A/HIServices
0x0000000009293000 	/System/Library/Frameworks/ApplicationServices.framework/Versions/A/Frameworks/LangAnalysis.framework/Versions/A/LangAnalysis
0x0000000009293000 	/System/Library/Frameworks/ApplicationServices.framework/Versions/A/Frameworks/PrintCore.framework/Versions/A/PrintCore
0x0000000009293000 	/System/Library/Frameworks/ApplicationServices.framework/Versions/A/Frameworks/QD.framework/Versions/A/QD
0x0000000009293000 	/System/Library/Frameworks/ApplicationServices.framework/Versions/A/Frameworks/SpeechSynthesis.framework/Versions/A/SpeechSynthesis
0x0000000009293000 	/System/Library/Frameworks/Accelerate.framework/Versions/A/Accelerate
0x0000000009293000 	/System/Library/Frameworks/Accelerate.framework/Versions/A/Frameworks/vImage.framework/Versions/A/vImage
0x0000000009293000 	/System/Library/Frameworks/Accelerate.framework/Versions/A/Frameworks/vecLib.framework/Versions/A/vecLib
0x0000000009293000 	/System/Library/Frameworks/Accelerate.framework/Versions/A/Frameworks/vecLib.framework/Versions/A/libvDSP.dylib
0x0000000009293000 	/System/Library/Frameworks/Accelerate.framework/Versions/A/Frameworks/vecLib.framework/Versions/A/libvMisc.dylib
0x0000000009293000 	/System/Library/Frameworks/Accelerate.framework/Versions/A/Frameworks/vecLib.framework/Versions/A/libLAPACK.dylib
0x0000000009293000 	/System/Library/Frameworks/Accelerate.framework/Versions/A/Frameworks/vecLib.framework/Versions/A/libBLAS.dylib
0x0000000009293000 	/System/Library/Frameworks/Accelerate.framework/Versions/A/Frameworks/vecLib.framework/Versions/A/libLinearAlgebra.dylib
0x0000000009293000 	/System/Library/Frameworks/ApplicationServices.framework/Versions/A/Frameworks/ATS.framework/Versions/A/Resources/libFontParser.dylib
0x0000000009293000 	/System/Library/Frameworks/ApplicationServices.framework/Versions/A/Frameworks/ATS.framework/Versions/A/Resources/libFontRegistry.dylib
0x0000000009293000 	/System/Library/PrivateFrameworks/AppleVPA.framework/Versions/A/AppleVPA
0x0000000009293000 	/System/Library/PrivateFrameworks/AppleJPEG.framework/Versions/A/AppleJPEG
0x0000000009293000 	/System/Library/Frameworks/ImageIO.framework/Versions/A/Resources/libJPEG.dylib
0x0000000009293000 	/System/Library/Frameworks/ImageIO.framework/Versions/A/Resources/libTIFF.dylib
0x0000000009293000 	/System/Library/Frameworks/ImageIO.framework/Versions/A/Resources/libPng.dylib
0x0000000009293000 	/System/Library/Frameworks/ImageIO.framework/Versions/A/Resources/libGIF.dylib
0x0000000009293000 	/System/Library/Frameworks/ImageIO.framework/Versions/A/Resources/libJP2.dylib
0x0000000009293000 	/System/Library/Frameworks/ImageIO.framework/Versions/A/Resources/libRadiance.dylib
0x0000000009293000 	/System/Library/Frameworks/CoreVideo.framework/Versions/A/CoreVideo
0x0000000009293000 	/System/Library/Frameworks/OpenGL.framework/Versions/A/Libraries/libGLU.dylib
0x0000000009293000 	/System/Library/Frameworks/OpenGL.framework/Versions/A/Libraries/libGFXShared.dylib
0x0000000009293000 	/System/Library/Frameworks/OpenGL.framework/Versions/A/Libraries/libGL.dylib
0x0000000009293000 	/System/Library/Frameworks/OpenGL.framework/Versions/A/Libraries/libGLImage.dylib
0x0000000009293000 	/System/Library/Frameworks/OpenGL.framework/Versions/A/Libraries/libCVMSPluginSupport.dylib
0x0000000009293000 	/System/Library/Frameworks/OpenGL.framework/Versions/A/Libraries/libCoreVMClient.dylib
0x0000000009293000 	/usr/lib/libcups.2.dylib
0x0000000009293000 	/System/Library/Frameworks/Kerberos.framework/Versions/A/Kerberos
0x0000000009293000 	/System/Library/Frameworks/GSS.framework/Versions/A/GSS
0x0000000009293000 	/usr/lib/libresolv.9.dylib
0x0000000009293000 	/usr/lib/libiconv.2.dylib
0x0000000009293000 	/System/Library/PrivateFrameworks/Heimdal.framework/Versions/A/Heimdal
0x0000000009293000 	/usr/lib/libheimdal-asn1.dylib
0x0000000009293000 	/System/Library/Frameworks/OpenDirectory.framework/Versions/A/OpenDirectory
0x0000000009293000 	/System/Library/PrivateFrameworks/CommonAuth.framework/Versions/A/CommonAuth
0x0000000009293000 	/System/Library/Frameworks/OpenDirectory.framework/Versions/A/Frameworks/CFOpenDirectory.framework/Versions/A/CFOpenDirectory
0x0000000009293000 	/System/Library/Frameworks/SecurityFoundation.framework/Versions/A/SecurityFoundation
0x0000000009293000 	/System/Library/PrivateFrameworks/LanguageModeling.framework/Versions/A/LanguageModeling
0x0000000009293000 	/usr/lib/libcmph.dylib
0x0000000009293000 	/System/Library/Frameworks/ServiceManagement.framework/Versions/A/ServiceManagement
0x0000000009293000 	/usr/lib/libxslt.1.dylib
0x0000000009293000 	/System/Library/Frameworks/Carbon.framework/Versions/A/Frameworks/Ink.framework/Versions/A/Ink
0x0000000009293000 	/System/Library/Frameworks/QuartzCore.framework/Versions/A/Frameworks/CoreImage.framework/Versions/A/CoreImage
0x0000000009293000 	/System/Library/PrivateFrameworks/CrashReporterSupport.framework/Versions/A/CrashReporterSupport
0x0000000009293000 	/System/Library/Frameworks/OpenCL.framework/Versions/A/OpenCL
0x0000000009293000 	/System/Library/PrivateFrameworks/FaceCore.framework/Versions/A/FaceCore
0x0000000009293000 	/System/Library/PrivateFrameworks/Ubiquity.framework/Versions/A/Ubiquity
0x0000000009293000 	/System/Library/PrivateFrameworks/IconServices.framework/Versions/A/IconServices
0x0000000009293000 	/System/Library/PrivateFrameworks/ChunkingLibrary.framework/Versions/A/ChunkingLibrary
0x0000000009293000 	/System/Library/PrivateFrameworks/Apple80211.framework/Versions/A/Apple80211
0x0000000009293000 	/System/Library/Frameworks/CoreWLAN.framework/Versions/A/CoreWLAN
0x0000000009293000 	/System/Library/Frameworks/IOBluetooth.framework/Versions/A/IOBluetooth
0x0000000009293000 	/System/Library/PrivateFrameworks/CoreWiFi.framework/Versions/A/CoreWiFi
0x0000000009293000 	/System/Library/Frameworks/CoreBluetooth.framework/Versions/A/CoreBluetooth
0x0000000009293000 	/System/Library/PrivateFrameworks/DebugSymbols.framework/Versions/A/DebugSymbols
0x0000000009293000 	/System/Library/PrivateFrameworks/CoreSymbolication.framework/Versions/A/CoreSymbolication
0x0000000009293000 	/System/Library/PrivateFrameworks/Symbolication.framework/Versions/A/Symbolication
0x0000000009293000 	/System/Library/PrivateFrameworks/SpeechRecognitionCore.framework/Versions/A/SpeechRecognitionCore
0x000000010cc00000 	/Library/Java/JavaVirtualMachines/jdk1.7.0_51.jdk/Contents/Home/jre/lib/server/libjvm.dylib
0x0000000009293000 	/usr/lib/libstdc++.6.dylib
0x000000010c31d000 	/Library/Java/JavaVirtualMachines/jdk1.7.0_51.jdk/Contents/Home/jre/lib/libverify.dylib
0x000000010c32a000 	/Library/Java/JavaVirtualMachines/jdk1.7.0_51.jdk/Contents/Home/jre/lib/libjava.dylib
0x000000010c35b000 	/Library/Java/JavaVirtualMachines/jdk1.7.0_51.jdk/Contents/Home/jre/lib/libjdwp.dylib
0x000000010c398000 	/Library/Java/JavaVirtualMachines/jdk1.7.0_51.jdk/Contents/Home/jre/lib/libnpt.dylib
0x000000010c3a5000 	/Library/Java/JavaVirtualMachines/jdk1.7.0_51.jdk/Contents/Home/jre/lib/libzip.dylib
0x0000000114a1a000 	/System/Library/Frameworks/JavaVM.framework/Frameworks/JavaRuntimeSupport.framework/JavaRuntimeSupport
0x0000000114a32000 	/System/Library/Frameworks/JavaVM.framework/Versions/A/Frameworks/JavaNativeFoundation.framework/Versions/A/JavaNativeFoundation
0x000000010c3ee000 	/System/Library/Frameworks/JavaVM.framework/Versions/A/JavaVM
0x0000000009293000 	/System/Library/Frameworks/Carbon.framework/Versions/A/Carbon
0x0000000114a47000 	/System/Library/PrivateFrameworks/JavaLaunching.framework/Versions/A/JavaLaunching
0x0000000009293000 	/System/Library/Frameworks/Carbon.framework/Versions/A/Frameworks/CommonPanels.framework/Versions/A/CommonPanels
0x0000000009293000 	/System/Library/Frameworks/Carbon.framework/Versions/A/Frameworks/Help.framework/Versions/A/Help
0x0000000009293000 	/System/Library/Frameworks/Carbon.framework/Versions/A/Frameworks/ImageCapture.framework/Versions/A/ImageCapture
0x0000000009293000 	/System/Library/Frameworks/Carbon.framework/Versions/A/Frameworks/OpenScripting.framework/Versions/A/OpenScripting
0x0000000009293000 	/System/Library/Frameworks/Carbon.framework/Versions/A/Frameworks/Print.framework/Versions/A/Print
0x0000000009293000 	/System/Library/Frameworks/Carbon.framework/Versions/A/Frameworks/SecurityHI.framework/Versions/A/SecurityHI
0x000000011642e000 	/Library/Java/JavaVirtualMachines/jdk1.7.0_51.jdk/Contents/Home/jre/lib/libdt_socket.dylib

VM Arguments:
jvm_args: -agentlib:jdwp=transport=dt_socket,suspend=y,address=localhost:52967 -Dfile.encoding=UTF-8 
java_command: es.uniovi.electoral.Main
Launcher Type: SUN_STANDARD

Environment Variables:
PATH=/usr/bin:/bin:/usr/sbin:/sbin
SHELL=/bin/bash

Signal Handlers:
SIGSEGV: [libjvm.dylib+0x525425], sa_mask[0]=0xfffefeff, sa_flags=0x00000043
SIGBUS: [libjvm.dylib+0x525425], sa_mask[0]=0xfffefeff, sa_flags=0x00000042
SIGFPE: [libjvm.dylib+0x41892a], sa_mask[0]=0xfffefeff, sa_flags=0x00000042
SIGPIPE: [libjvm.dylib+0x41892a], sa_mask[0]=0xfffefeff, sa_flags=0x00000042
SIGXFSZ: [libjvm.dylib+0x41892a], sa_mask[0]=0xfffefeff, sa_flags=0x00000042
SIGILL: [libjvm.dylib+0x41892a], sa_mask[0]=0xfffefeff, sa_flags=0x00000042
SIGUSR1: SIG_DFL, sa_mask[0]=0x00000000, sa_flags=0x00000000
SIGUSR2: [libjvm.dylib+0x41841c], sa_mask[0]=0x00000004, sa_flags=0x00000042
SIGHUP: [libjvm.dylib+0x4166ab], sa_mask[0]=0xfffefeff, sa_flags=0x00000042
SIGINT: [libjvm.dylib+0x4166ab], sa_mask[0]=0xfffefeff, sa_flags=0x00000042
SIGTERM: [libjvm.dylib+0x4166ab], sa_mask[0]=0xfffefeff, sa_flags=0x00000042
SIGQUIT: [libjvm.dylib+0x4166ab], sa_mask[0]=0xfffefeff, sa_flags=0x00000042


---------------  S Y S T E M  ---------------

OS:Bsduname:Darwin 14.5.0 Darwin Kernel Version 14.5.0: Mon Jan 11 18:48:35 PST 2016; root:xnu-2782.50.2~1/RELEASE_X86_64 x86_64
rlimit: STACK 8192k, CORE 0k, NPROC 709, NOFILE 10240, AS infinity
load average:3.10 2.97 3.39

CPU:total 4 (2 cores per cpu, 2 threads per core) family 6 model 37 stepping 5, cmov, cx8, fxsr, mmx, sse, sse2, sse3, ssse3, sse4.1, sse4.2, popcnt, ht, tsc, tscinvbit

Memory: 4k page, physical 4194304k(1048576k free)

/proc/meminfo:


vm_info: Java HotSpot(TM) 64-Bit Server VM (24.51-b03) for bsd-amd64 JRE (1.7.0_51-b13), built on Dec 18 2013 18:45:56 by "java_re" with gcc 4.2.1 (Based on Apple Inc. build 5658) (LLVM build 2336.11.00)

time: Wed Apr 20 01:02:43 2016
elapsed time: 220 seconds

